<?xml version="1.0" encoding="UTF-8"?>
<!-- Generated by org.testng.reporters.JUnitReportReporter -->
<testsuite hostname="DESKTOP-V6OCEE7" failures="0" tests="1" name="mypackage.ValidateNavBar" time="0.134" errors="0" timestamp="13 Jun 2019 17:13:31 GMT">
  <testcase classname="mypackage.ValidateNavBar" name="basePageNavigation" time="0.134"/>
</testsuite> <!-- mypackage.ValidateNavBar -->
