<?xml version="1.0" encoding="UTF-8"?>
<!-- Generated by org.testng.reporters.JUnitReportReporter -->
<testsuite hostname="DESKTOP-V6OCEE7" failures="0" tests="2" name="mypackage.HomePage" time="25.755" errors="0" timestamp="13 Jun 2019 17:13:32 GMT">
  <testcase classname="mypackage.HomePage" name="basePageNavigation" time="12.728"/>
  <testcase classname="mypackage.HomePage" name="basePageNavigation" time="13.027"/>
</testsuite> <!-- mypackage.HomePage -->
