<?xml version="1.0" encoding="UTF-8"?>
<!-- Generated by org.testng.reporters.JUnitReportReporter -->
<testsuite hostname="DESKTOP-V6OCEE7" failures="0" tests="1" name="mypackage.ValidatingTitle" time="0.192" errors="0" timestamp="13 Jun 2019 17:13:32 GMT">
  <testcase classname="mypackage.ValidatingTitle" name="basePageNavigation" time="0.192"/>
</testsuite> <!-- mypackage.ValidatingTitle -->
